<?xml version="1.0" encoding="UTF-8"?>
<!-- Generated by org.testng.reporters.JUnitXMLReporter -->
<testsuite hostname="zubin-PC" name="Command line test" tests="3" failures="0" timestamp="8 Mar 2016 06:45:23 GMT" time="3.09" errors="0">
  <testcase name="" time="0.003" classname="springmvc.model.dao.ApplicationDaoTest"/>
  <testcase name="" time="0.0" classname="springmvc.model.dao.DepartmentDaoTest"/>
  <testcase name="" time="0.0" classname="springmvc.model.dao.TermDaoTest"/>
</testsuite> <!-- Command line test -->
